<?xml version="1.0" encoding="UTF-8"?>
<!-- Generated by org.testng.reporters.JUnitReportReporter -->
<testsuite hostname="DESKTOP-DPED8JM" failures="0" tests="1" name="demo_tests.TooltipTest" time="6.359" errors="0" timestamp="2023-09-15T20:09:36 EDT" skipped="0">
  <testcase classname="demo_tests.TooltipTest" name="runTest" time="6.359"/>
</testsuite> <!-- demo_tests.TooltipTest -->
